<?xml version="1.0" encoding="UTF-8"?>
<testng-results skipped="0" failed="0" total="1" passed="1">
  <reporter-output>
  </reporter-output>
  <suite name="Default suite" duration-ms="6216" started-at="2015-07-06T10:16:22Z" finished-at="2015-07-06T10:16:28Z">
    <groups>
    </groups>
    <test name="Default test" duration-ms="6216" started-at="2015-07-06T10:16:22Z" finished-at="2015-07-06T10:16:28Z">
      <class name="EntrustEnergy.login">
        <test-method status="PASS" signature="openSite()[pri:0, instance:EntrustEnergy.login@1f9d882]" name="openSite" is-config="true" duration-ms="5580" started-at="2015-07-06T15:46:17Z" finished-at="2015-07-06T15:46:22Z">
          <reporter-output>
          </reporter-output>
        </test-method> <!-- openSite -->
        <test-method status="PASS" signature="logIn()[pri:0, instance:EntrustEnergy.login@1f9d882]" name="logIn" duration-ms="6195" started-at="2015-07-06T15:46:22Z" finished-at="2015-07-06T15:46:28Z">
          <reporter-output>
          </reporter-output>
        </test-method> <!-- logIn -->
        <test-method status="PASS" signature="closeBrowser()[pri:0, instance:EntrustEnergy.login@1f9d882]" name="closeBrowser" is-config="true" duration-ms="748" started-at="2015-07-06T15:46:29Z" finished-at="2015-07-06T15:46:29Z">
          <reporter-output>
          </reporter-output>
        </test-method> <!-- closeBrowser -->
      </class> <!-- EntrustEnergy.login -->
    </test> <!-- Default test -->
  </suite> <!-- Default suite -->
</testng-results>
