<?xml version="1.0" encoding="UTF-8"?>
<testng-results skipped="0" failed="0" total="1" passed="1">
  <reporter-output>
  </reporter-output>
  <suite name="Default suite" duration-ms="8509" started-at="2015-07-06T07:45:21Z" finished-at="2015-07-06T07:45:29Z">
    <groups>
    </groups>
    <test name="Default test" duration-ms="8509" started-at="2015-07-06T07:45:21Z" finished-at="2015-07-06T07:45:29Z">
      <class name="EntrustEnergy.login">
        <test-method status="PASS" signature="openSite()[pri:0, instance:EntrustEnergy.login@41aaf8e9]" name="openSite" is-config="true" duration-ms="3411" started-at="2015-07-06T13:15:17Z" finished-at="2015-07-06T13:15:21Z">
          <reporter-output>
          </reporter-output>
        </test-method> <!-- openSite -->
        <test-method status="PASS" signature="logIn()[pri:0, instance:EntrustEnergy.login@41aaf8e9]" name="logIn" duration-ms="8473" started-at="2015-07-06T13:15:21Z" finished-at="2015-07-06T13:15:29Z">
          <reporter-output>
          </reporter-output>
        </test-method> <!-- logIn -->
        <test-method status="FAIL" signature="closeBrowser()[pri:0, instance:EntrustEnergy.login@41aaf8e9]" name="closeBrowser" is-config="true" duration-ms="0" started-at="2015-07-06T13:15:29Z" finished-at="2015-07-06T13:15:29Z">
          <exception class="org.openqa.selenium.os.ProcessUtils$ProcessStillAliveException">
            <message>
              <![CDATA[Timeout waiting for process to die]]>
            </message>
            <full-stacktrace>
              <![CDATA[org.openqa.selenium.os.ProcessUtils$ProcessStillAliveException: Timeout waiting for process to die
	at org.openqa.selenium.os.ProcessUtils.waitForProcessDeath(ProcessUtils.java:60)
	at org.openqa.selenium.os.ProcessUtils.killProcess(ProcessUtils.java:89)
	at org.openqa.selenium.os.UnixProcess$SeleniumWatchDog.destroyHarder(UnixProcess.java:243)
	at org.openqa.selenium.os.UnixProcess$SeleniumWatchDog.access$200(UnixProcess.java:195)
	at org.openqa.selenium.os.UnixProcess.destroy(UnixProcess.java:120)
	at org.openqa.selenium.os.CommandLine.destroy(CommandLine.java:153)
	at org.openqa.selenium.firefox.FirefoxBinary.quit(FirefoxBinary.java:268)
	at org.openqa.selenium.firefox.internal.NewProfileExtensionConnection.quit(NewProfileExtensionConnection.java:199)
	at org.openqa.selenium.firefox.FirefoxDriver$LazyCommandExecutor.quit(FirefoxDriver.java:346)
	at org.openqa.selenium.firefox.FirefoxDriver.stopClient(FirefoxDriver.java:292)
	at org.openqa.selenium.remote.RemoteWebDriver.quit(RemoteWebDriver.java:471)
	at EntrustEnergy.OpenBrowser.closeBrowser(OpenBrowser.java:26)
	at sun.reflect.NativeMethodAccessorImpl.invoke0(Native Method)
	at sun.reflect.NativeMethodAccessorImpl.invoke(NativeMethodAccessorImpl.java:57)
	at sun.reflect.DelegatingMethodAccessorImpl.invoke(DelegatingMethodAccessorImpl.java:43)
	at java.lang.reflect.Method.invoke(Method.java:606)
	at org.testng.internal.MethodInvocationHelper.invokeMethod(MethodInvocationHelper.java:85)
	at org.testng.internal.Invoker.invokeConfigurationMethod(Invoker.java:552)
	at org.testng.internal.Invoker.invokeConfigurations(Invoker.java:215)
	at org.testng.internal.Invoker.invokeConfigurations(Invoker.java:140)
	at org.testng.SuiteRunner.privateRun(SuiteRunner.java:322)
	at org.testng.SuiteRunner.run(SuiteRunner.java:254)
	at org.testng.SuiteRunnerWorker.runSuite(SuiteRunnerWorker.java:52)
	at org.testng.SuiteRunnerWorker.run(SuiteRunnerWorker.java:86)
	at org.testng.TestNG.runSuitesSequentially(TestNG.java:1224)
	at org.testng.TestNG.runSuitesLocally(TestNG.java:1149)
	at org.testng.TestNG.run(TestNG.java:1057)
	at org.testng.remote.RemoteTestNG.run(RemoteTestNG.java:111)
	at org.testng.remote.RemoteTestNG.initAndRun(RemoteTestNG.java:204)
	at org.testng.remote.RemoteTestNG.main(RemoteTestNG.java:175)
Caused by: java.lang.InterruptedException
	at java.lang.ProcessImpl.waitFor(ProcessImpl.java:450)
	at org.openqa.selenium.os.ProcessUtils$ProcessWaiter.run(ProcessUtils.java:126)
	at java.lang.Thread.run(Thread.java:744)
]]>
            </full-stacktrace>
          </exception> <!-- org.openqa.selenium.os.ProcessUtils$ProcessStillAliveException -->
          <reporter-output>
          </reporter-output>
        </test-method> <!-- closeBrowser -->
      </class> <!-- EntrustEnergy.login -->
    </test> <!-- Default test -->
  </suite> <!-- Default suite -->
</testng-results>
